0 info it worked if it ends with ok
1 verbose cli [ '/home/liu/.nvm/versions/node/v6.9.5/bin/node',
1 verbose cli   '/home/liu/.nvm/versions/node/v6.9.5/bin/npm',
1 verbose cli   'rebuild' ]
2 info using npm@3.10.10
3 info using node@v6.9.5
4 info readInstalled object
5 verbose rebuild path, id [ '/mnt/hgfs/share/voteApp/app', 'app@1.0.0' ]
6 verbose rebuild path, id [ '/mnt/hgfs/share/voteApp/app/node_modules/ejs', 'ejs@2.5.7' ]
7 verbose rebuild path, id [ '/mnt/hgfs/share/voteApp/app/node_modules/fabric-ca-client',
7 verbose rebuild   'fabric-ca-client@1.0.2' ]
8 verbose rebuild path, id [ '/mnt/hgfs/share/voteApp/app/node_modules/bn.js',
8 verbose rebuild   'bn.js@4.11.8' ]
9 verbose rebuild path, id [ '/mnt/hgfs/share/voteApp/app/node_modules/elliptic',
9 verbose rebuild   'elliptic@6.4.0' ]
10 verbose rebuild path, id [ '/mnt/hgfs/share/voteApp/app/node_modules/brorand',
10 verbose rebuild   'brorand@1.1.0' ]
11 verbose rebuild path, id [ '/mnt/hgfs/share/voteApp/app/node_modules/hash.js',
11 verbose rebuild   'hash.js@1.1.3' ]
12 verbose rebuild path, id [ '/mnt/hgfs/share/voteApp/app/node_modules/inherits',
12 verbose rebuild   'inherits@2.0.3' ]
13 verbose rebuild path, id [ '/mnt/hgfs/share/voteApp/app/node_modules/minimalistic-assert',
13 verbose rebuild   'minimalistic-assert@1.0.0' ]
14 verbose rebuild path, id [ '/mnt/hgfs/share/voteApp/app/node_modules/hmac-drbg',
14 verbose rebuild   'hmac-drbg@1.0.1' ]
15 verbose rebuild path, id [ '/mnt/hgfs/share/voteApp/app/node_modules/minimalistic-crypto-utils',
15 verbose rebuild   'minimalistic-crypto-utils@1.0.1' ]
16 verbose rebuild path, id [ '/mnt/hgfs/share/voteApp/app/node_modules/fs-extra',
16 verbose rebuild   'fs-extra@0.30.0' ]
17 verbose rebuild path, id [ '/mnt/hgfs/share/voteApp/app/node_modules/graceful-fs',
17 verbose rebuild   'graceful-fs@4.1.11' ]
18 verbose rebuild path, id [ '/mnt/hgfs/share/voteApp/app/node_modules/jsonfile',
18 verbose rebuild   'jsonfile@2.4.0' ]
19 verbose rebuild path, id [ '/mnt/hgfs/share/voteApp/app/node_modules/klaw',
19 verbose rebuild   'klaw@1.3.1' ]
20 verbose rebuild path, id [ '/mnt/hgfs/share/voteApp/app/node_modules/path-is-absolute',
20 verbose rebuild   'path-is-absolute@1.0.1' ]
21 verbose rebuild path, id [ '/mnt/hgfs/share/voteApp/app/node_modules/rimraf',
21 verbose rebuild   'rimraf@2.6.2' ]
22 verbose rebuild path, id [ '/mnt/hgfs/share/voteApp/app/node_modules/glob',
22 verbose rebuild   'glob@7.1.2' ]
23 verbose rebuild path, id [ '/mnt/hgfs/share/voteApp/app/node_modules/fs.realpath',
23 verbose rebuild   'fs.realpath@1.0.0' ]
24 verbose rebuild path, id [ '/mnt/hgfs/share/voteApp/app/node_modules/inflight',
24 verbose rebuild   'inflight@1.0.6' ]
25 verbose rebuild path, id [ '/mnt/hgfs/share/voteApp/app/node_modules/once',
25 verbose rebuild   'once@1.4.0' ]
26 verbose rebuild path, id [ '/mnt/hgfs/share/voteApp/app/node_modules/wrappy',
26 verbose rebuild   'wrappy@1.0.2' ]
27 verbose rebuild path, id [ '/mnt/hgfs/share/voteApp/app/node_modules/minimatch',
27 verbose rebuild   'minimatch@3.0.4' ]
28 verbose rebuild path, id [ '/mnt/hgfs/share/voteApp/app/node_modules/brace-expansion',
28 verbose rebuild   'brace-expansion@1.1.8' ]
29 verbose rebuild path, id [ '/mnt/hgfs/share/voteApp/app/node_modules/balanced-match',
29 verbose rebuild   'balanced-match@1.0.0' ]
30 verbose rebuild path, id [ '/mnt/hgfs/share/voteApp/app/node_modules/concat-map',
30 verbose rebuild   'concat-map@0.0.1' ]
31 verbose rebuild path, id [ '/mnt/hgfs/share/voteApp/app/node_modules/js-sha3',
31 verbose rebuild   'js-sha3@0.5.7' ]
32 verbose rebuild path, id [ '/mnt/hgfs/share/voteApp/app/node_modules/jsrsasign',
32 verbose rebuild   'jsrsasign@6.2.3' ]
33 verbose rebuild path, id [ '/mnt/hgfs/share/voteApp/app/node_modules/jssha',
33 verbose rebuild   'jssha@2.3.1' ]
34 verbose rebuild path, id [ '/mnt/hgfs/share/voteApp/app/node_modules/nconf',
34 verbose rebuild   'nconf@0.8.5' ]
35 verbose rebuild path, id [ '/mnt/hgfs/share/voteApp/app/node_modules/async',
35 verbose rebuild   'async@1.5.2' ]
36 verbose rebuild path, id [ '/mnt/hgfs/share/voteApp/app/node_modules/ini', 'ini@1.3.5' ]
37 verbose rebuild path, id [ '/mnt/hgfs/share/voteApp/app/node_modules/secure-keys',
37 verbose rebuild   'secure-keys@1.0.0' ]
38 verbose rebuild path, id [ '/mnt/hgfs/share/voteApp/app/node_modules/yargs',
38 verbose rebuild   'yargs@3.32.0' ]
39 verbose rebuild path, id [ '/mnt/hgfs/share/voteApp/app/node_modules/camelcase',
39 verbose rebuild   'camelcase@2.1.1' ]
40 verbose rebuild path, id [ '/mnt/hgfs/share/voteApp/app/node_modules/cliui',
40 verbose rebuild   'cliui@3.2.0' ]
41 verbose rebuild path, id [ '/mnt/hgfs/share/voteApp/app/node_modules/string-width',
41 verbose rebuild   'string-width@1.0.2' ]
42 verbose rebuild path, id [ '/mnt/hgfs/share/voteApp/app/node_modules/code-point-at',
42 verbose rebuild   'code-point-at@1.1.0' ]
43 verbose rebuild path, id [ '/mnt/hgfs/share/voteApp/app/node_modules/is-fullwidth-code-point',
43 verbose rebuild   'is-fullwidth-code-point@1.0.0' ]
44 verbose rebuild path, id [ '/mnt/hgfs/share/voteApp/app/node_modules/number-is-nan',
44 verbose rebuild   'number-is-nan@1.0.1' ]
45 verbose rebuild path, id [ '/mnt/hgfs/share/voteApp/app/node_modules/strip-ansi',
45 verbose rebuild   'strip-ansi@3.0.1' ]
46 verbose rebuild path, id [ '/mnt/hgfs/share/voteApp/app/node_modules/ansi-regex',
46 verbose rebuild   'ansi-regex@2.1.1' ]
47 verbose rebuild path, id [ '/mnt/hgfs/share/voteApp/app/node_modules/wrap-ansi',
47 verbose rebuild   'wrap-ansi@2.1.0' ]
48 verbose rebuild path, id [ '/mnt/hgfs/share/voteApp/app/node_modules/decamelize',
48 verbose rebuild   'decamelize@1.2.0' ]
49 verbose rebuild path, id [ '/mnt/hgfs/share/voteApp/app/node_modules/os-locale',
49 verbose rebuild   'os-locale@1.4.0' ]
50 verbose rebuild path, id [ '/mnt/hgfs/share/voteApp/app/node_modules/lcid',
50 verbose rebuild   'lcid@1.0.0' ]
51 verbose rebuild path, id [ '/mnt/hgfs/share/voteApp/app/node_modules/invert-kv',
51 verbose rebuild   'invert-kv@1.0.0' ]
52 verbose rebuild path, id [ '/mnt/hgfs/share/voteApp/app/node_modules/window-size',
52 verbose rebuild   'window-size@0.1.4' ]
53 verbose rebuild path, id [ '/mnt/hgfs/share/voteApp/app/node_modules/y18n',
53 verbose rebuild   'y18n@3.2.1' ]
54 verbose rebuild path, id [ '/mnt/hgfs/share/voteApp/app/node_modules/sjcl',
54 verbose rebuild   'sjcl@1.0.3' ]
55 verbose rebuild path, id [ '/mnt/hgfs/share/voteApp/app/node_modules/sjcl-codec',
55 verbose rebuild   'sjcl-codec@0.1.1' ]
56 verbose rebuild path, id [ '/mnt/hgfs/share/voteApp/app/node_modules/url', 'url@0.11.0' ]
57 verbose rebuild path, id [ '/mnt/hgfs/share/voteApp/app/node_modules/punycode',
57 verbose rebuild   'punycode@1.3.2' ]
58 verbose rebuild path, id [ '/mnt/hgfs/share/voteApp/app/node_modules/querystring',
58 verbose rebuild   'querystring@0.2.0' ]
59 verbose rebuild path, id [ '/mnt/hgfs/share/voteApp/app/node_modules/util',
59 verbose rebuild   'util@0.10.3' ]
60 verbose rebuild path, id [ '/mnt/hgfs/share/voteApp/app/node_modules/util/node_modules/inherits',
60 verbose rebuild   'inherits@2.0.1' ]
61 verbose rebuild path, id [ '/mnt/hgfs/share/voteApp/app/node_modules/winston',
61 verbose rebuild   'winston@2.4.0' ]
62 verbose rebuild path, id [ '/mnt/hgfs/share/voteApp/app/node_modules/winston/node_modules/async',
62 verbose rebuild   'async@1.0.0' ]
63 verbose rebuild path, id [ '/mnt/hgfs/share/voteApp/app/node_modules/colors',
63 verbose rebuild   'colors@1.0.3' ]
64 verbose rebuild path, id [ '/mnt/hgfs/share/voteApp/app/node_modules/cycle',
64 verbose rebuild   'cycle@1.0.3' ]
65 verbose rebuild path, id [ '/mnt/hgfs/share/voteApp/app/node_modules/eyes',
65 verbose rebuild   'eyes@0.1.8' ]
66 verbose rebuild path, id [ '/mnt/hgfs/share/voteApp/app/node_modules/isstream',
66 verbose rebuild   'isstream@0.1.2' ]
67 verbose rebuild path, id [ '/mnt/hgfs/share/voteApp/app/node_modules/stack-trace',
67 verbose rebuild   'stack-trace@0.0.10' ]
68 verbose rebuild path, id [ '/mnt/hgfs/share/voteApp/app/node_modules/fabric-client',
68 verbose rebuild   'fabric-client@1.0.2' ]
69 verbose rebuild path, id [ '/mnt/hgfs/share/voteApp/app/node_modules/callsite',
69 verbose rebuild   'callsite@1.0.0' ]
70 verbose rebuild path, id [ '/mnt/hgfs/share/voteApp/app/node_modules/crypto',
70 verbose rebuild   'crypto@0.0.3' ]
71 verbose rebuild path, id [ '/mnt/hgfs/share/voteApp/app/node_modules/fs', 'fs@0.0.2' ]
72 verbose rebuild path, id [ '/mnt/hgfs/share/voteApp/app/node_modules/grpc',
72 verbose rebuild   'grpc@1.8.0' ]
73 verbose rebuild path, id [ '/mnt/hgfs/share/voteApp/app/node_modules/arguejs',
73 verbose rebuild   'arguejs@0.2.3' ]
74 verbose rebuild path, id [ '/mnt/hgfs/share/voteApp/app/node_modules/lodash',
74 verbose rebuild   'lodash@4.17.4' ]
75 verbose rebuild path, id [ '/mnt/hgfs/share/voteApp/app/node_modules/nan', 'nan@2.8.0' ]
76 verbose rebuild path, id [ '/mnt/hgfs/share/voteApp/app/node_modules/protobufjs',
76 verbose rebuild   'protobufjs@5.0.2' ]
77 verbose rebuild path, id [ '/mnt/hgfs/share/voteApp/app/node_modules/ascli',
77 verbose rebuild   'ascli@1.0.1' ]
78 verbose rebuild path, id [ '/mnt/hgfs/share/voteApp/app/node_modules/colour',
78 verbose rebuild   'colour@0.7.1' ]
79 verbose rebuild path, id [ '/mnt/hgfs/share/voteApp/app/node_modules/optjs',
79 verbose rebuild   'optjs@3.2.2' ]
80 verbose rebuild path, id [ '/mnt/hgfs/share/voteApp/app/node_modules/bytebuffer',
80 verbose rebuild   'bytebuffer@5.0.1' ]
81 verbose rebuild path, id [ '/mnt/hgfs/share/voteApp/app/node_modules/long',
81 verbose rebuild   'long@3.2.0' ]
82 verbose rebuild path, id [ '/mnt/hgfs/share/voteApp/app/node_modules/fabric-client/node_modules/jsrsasign',
82 verbose rebuild   'jsrsasign@6.2.2' ]
83 verbose rebuild path, id [ '/mnt/hgfs/share/voteApp/app/node_modules/nano',
83 verbose rebuild   'nano@6.4.2' ]
84 verbose rebuild path, id [ '/mnt/hgfs/share/voteApp/app/node_modules/cloudant-follow',
84 verbose rebuild   'cloudant-follow@0.13.0' ]
85 verbose rebuild path, id [ '/mnt/hgfs/share/voteApp/app/node_modules/browser-request',
85 verbose rebuild   'browser-request@0.3.3' ]
86 verbose rebuild path, id [ '/mnt/hgfs/share/voteApp/app/node_modules/debug',
86 verbose rebuild   'debug@2.6.9' ]
87 verbose rebuild path, id [ '/mnt/hgfs/share/voteApp/app/node_modules/ms', 'ms@2.0.0' ]
88 verbose rebuild path, id [ '/mnt/hgfs/share/voteApp/app/node_modules/cloudant-follow/node_modules/request',
88 verbose rebuild   'request@2.81.0' ]
89 verbose rebuild path, id [ '/mnt/hgfs/share/voteApp/app/node_modules/aws-sign2',
89 verbose rebuild   'aws-sign2@0.6.0' ]
90 verbose rebuild path, id [ '/mnt/hgfs/share/voteApp/app/node_modules/aws4',
90 verbose rebuild   'aws4@1.6.0' ]
91 verbose rebuild path, id [ '/mnt/hgfs/share/voteApp/app/node_modules/caseless',
91 verbose rebuild   'caseless@0.12.0' ]
92 verbose rebuild path, id [ '/mnt/hgfs/share/voteApp/app/node_modules/combined-stream',
92 verbose rebuild   'combined-stream@1.0.5' ]
93 verbose rebuild path, id [ '/mnt/hgfs/share/voteApp/app/node_modules/delayed-stream',
93 verbose rebuild   'delayed-stream@1.0.0' ]
94 verbose rebuild path, id [ '/mnt/hgfs/share/voteApp/app/node_modules/extend',
94 verbose rebuild   'extend@3.0.1' ]
95 verbose rebuild path, id [ '/mnt/hgfs/share/voteApp/app/node_modules/forever-agent',
95 verbose rebuild   'forever-agent@0.6.1' ]
96 verbose rebuild path, id [ '/mnt/hgfs/share/voteApp/app/node_modules/form-data',
96 verbose rebuild   'form-data@2.1.4' ]
97 verbose rebuild path, id [ '/mnt/hgfs/share/voteApp/app/node_modules/asynckit',
97 verbose rebuild   'asynckit@0.4.0' ]
98 verbose rebuild path, id [ '/mnt/hgfs/share/voteApp/app/node_modules/mime-types',
98 verbose rebuild   'mime-types@2.1.17' ]
99 verbose rebuild path, id [ '/mnt/hgfs/share/voteApp/app/node_modules/mime-db',
99 verbose rebuild   'mime-db@1.30.0' ]
100 verbose rebuild path, id [ '/mnt/hgfs/share/voteApp/app/node_modules/har-validator',
100 verbose rebuild   'har-validator@4.2.1' ]
101 verbose rebuild path, id [ '/mnt/hgfs/share/voteApp/app/node_modules/ajv', 'ajv@4.11.8' ]
102 verbose rebuild path, id [ '/mnt/hgfs/share/voteApp/app/node_modules/co', 'co@4.6.0' ]
103 verbose rebuild path, id [ '/mnt/hgfs/share/voteApp/app/node_modules/json-stable-stringify',
103 verbose rebuild   'json-stable-stringify@1.0.1' ]
104 verbose rebuild path, id [ '/mnt/hgfs/share/voteApp/app/node_modules/jsonify',
104 verbose rebuild   'jsonify@0.0.0' ]
105 verbose rebuild path, id [ '/mnt/hgfs/share/voteApp/app/node_modules/har-schema',
105 verbose rebuild   'har-schema@1.0.5' ]
106 verbose rebuild path, id [ '/mnt/hgfs/share/voteApp/app/node_modules/hawk',
106 verbose rebuild   'hawk@3.1.3' ]
107 verbose rebuild path, id [ '/mnt/hgfs/share/voteApp/app/node_modules/boom',
107 verbose rebuild   'boom@2.10.1' ]
108 verbose rebuild path, id [ '/mnt/hgfs/share/voteApp/app/node_modules/hoek',
108 verbose rebuild   'hoek@2.16.3' ]
109 verbose rebuild path, id [ '/mnt/hgfs/share/voteApp/app/node_modules/cryptiles',
109 verbose rebuild   'cryptiles@2.0.5' ]
110 verbose rebuild path, id [ '/mnt/hgfs/share/voteApp/app/node_modules/sntp',
110 verbose rebuild   'sntp@1.0.9' ]
111 verbose rebuild path, id [ '/mnt/hgfs/share/voteApp/app/node_modules/http-signature',
111 verbose rebuild   'http-signature@1.1.1' ]
112 verbose rebuild path, id [ '/mnt/hgfs/share/voteApp/app/node_modules/assert-plus',
112 verbose rebuild   'assert-plus@0.2.0' ]
113 verbose rebuild path, id [ '/mnt/hgfs/share/voteApp/app/node_modules/jsprim',
113 verbose rebuild   'jsprim@1.4.1' ]
114 verbose rebuild path, id [ '/mnt/hgfs/share/voteApp/app/node_modules/jsprim/node_modules/assert-plus',
114 verbose rebuild   'assert-plus@1.0.0' ]
115 verbose rebuild path, id [ '/mnt/hgfs/share/voteApp/app/node_modules/extsprintf',
115 verbose rebuild   'extsprintf@1.3.0' ]
116 verbose rebuild path, id [ '/mnt/hgfs/share/voteApp/app/node_modules/json-schema',
116 verbose rebuild   'json-schema@0.2.3' ]
117 verbose rebuild path, id [ '/mnt/hgfs/share/voteApp/app/node_modules/verror',
117 verbose rebuild   'verror@1.10.0' ]
118 verbose rebuild path, id [ '/mnt/hgfs/share/voteApp/app/node_modules/verror/node_modules/assert-plus',
118 verbose rebuild   'assert-plus@1.0.0' ]
119 verbose rebuild path, id [ '/mnt/hgfs/share/voteApp/app/node_modules/core-util-is',
119 verbose rebuild   'core-util-is@1.0.2' ]
120 verbose rebuild path, id [ '/mnt/hgfs/share/voteApp/app/node_modules/sshpk',
120 verbose rebuild   'sshpk@1.13.1' ]
121 verbose rebuild path, id [ '/mnt/hgfs/share/voteApp/app/node_modules/asn1',
121 verbose rebuild   'asn1@0.2.3' ]
122 verbose rebuild path, id [ '/mnt/hgfs/share/voteApp/app/node_modules/sshpk/node_modules/assert-plus',
122 verbose rebuild   'assert-plus@1.0.0' ]
123 verbose rebuild path, id [ '/mnt/hgfs/share/voteApp/app/node_modules/dashdash',
123 verbose rebuild   'dashdash@1.14.1' ]
124 verbose rebuild path, id [ '/mnt/hgfs/share/voteApp/app/node_modules/dashdash/node_modules/assert-plus',
124 verbose rebuild   'assert-plus@1.0.0' ]
125 verbose rebuild path, id [ '/mnt/hgfs/share/voteApp/app/node_modules/getpass',
125 verbose rebuild   'getpass@0.1.7' ]
126 verbose rebuild path, id [ '/mnt/hgfs/share/voteApp/app/node_modules/getpass/node_modules/assert-plus',
126 verbose rebuild   'assert-plus@1.0.0' ]
127 verbose rebuild path, id [ '/mnt/hgfs/share/voteApp/app/node_modules/is-typedarray',
127 verbose rebuild   'is-typedarray@1.0.0' ]
128 verbose rebuild path, id [ '/mnt/hgfs/share/voteApp/app/node_modules/json-stringify-safe',
128 verbose rebuild   'json-stringify-safe@5.0.1' ]
129 verbose rebuild path, id [ '/mnt/hgfs/share/voteApp/app/node_modules/oauth-sign',
129 verbose rebuild   'oauth-sign@0.8.2' ]
130 verbose rebuild path, id [ '/mnt/hgfs/share/voteApp/app/node_modules/performance-now',
130 verbose rebuild   'performance-now@0.2.0' ]
131 verbose rebuild path, id [ '/mnt/hgfs/share/voteApp/app/node_modules/qs', 'qs@6.4.0' ]
132 verbose rebuild path, id [ '/mnt/hgfs/share/voteApp/app/node_modules/safe-buffer',
132 verbose rebuild   'safe-buffer@5.1.1' ]
133 verbose rebuild path, id [ '/mnt/hgfs/share/voteApp/app/node_modules/stringstream',
133 verbose rebuild   'stringstream@0.0.5' ]
134 verbose rebuild path, id [ '/mnt/hgfs/share/voteApp/app/node_modules/tough-cookie',
134 verbose rebuild   'tough-cookie@2.3.3' ]
135 verbose rebuild path, id [ '/mnt/hgfs/share/voteApp/app/node_modules/tough-cookie/node_modules/punycode',
135 verbose rebuild   'punycode@1.4.1' ]
136 verbose rebuild path, id [ '/mnt/hgfs/share/voteApp/app/node_modules/tunnel-agent',
136 verbose rebuild   'tunnel-agent@0.6.0' ]
137 verbose rebuild path, id [ '/mnt/hgfs/share/voteApp/app/node_modules/uuid',
137 verbose rebuild   'uuid@3.2.1' ]
138 verbose rebuild path, id [ '/mnt/hgfs/share/voteApp/app/node_modules/errs',
138 verbose rebuild   'errs@0.3.2' ]
139 verbose rebuild path, id [ '/mnt/hgfs/share/voteApp/app/node_modules/request',
139 verbose rebuild   'request@2.83.0' ]
140 verbose rebuild path, id [ '/mnt/hgfs/share/voteApp/app/node_modules/request/node_modules/aws-sign2',
140 verbose rebuild   'aws-sign2@0.7.0' ]
141 verbose rebuild path, id [ '/mnt/hgfs/share/voteApp/app/node_modules/request/node_modules/form-data',
141 verbose rebuild   'form-data@2.3.1' ]
142 verbose rebuild path, id [ '/mnt/hgfs/share/voteApp/app/node_modules/request/node_modules/har-validator',
142 verbose rebuild   'har-validator@5.0.3' ]
143 verbose rebuild path, id [ '/mnt/hgfs/share/voteApp/app/node_modules/request/node_modules/ajv',
143 verbose rebuild   'ajv@5.5.2' ]
144 verbose rebuild path, id [ '/mnt/hgfs/share/voteApp/app/node_modules/fast-deep-equal',
144 verbose rebuild   'fast-deep-equal@1.0.0' ]
145 verbose rebuild path, id [ '/mnt/hgfs/share/voteApp/app/node_modules/fast-json-stable-stringify',
145 verbose rebuild   'fast-json-stable-stringify@2.0.0' ]
146 verbose rebuild path, id [ '/mnt/hgfs/share/voteApp/app/node_modules/json-schema-traverse',
146 verbose rebuild   'json-schema-traverse@0.3.1' ]
147 verbose rebuild path, id [ '/mnt/hgfs/share/voteApp/app/node_modules/request/node_modules/har-schema',
147 verbose rebuild   'har-schema@2.0.0' ]
148 verbose rebuild path, id [ '/mnt/hgfs/share/voteApp/app/node_modules/request/node_modules/hawk',
148 verbose rebuild   'hawk@6.0.2' ]
149 verbose rebuild path, id [ '/mnt/hgfs/share/voteApp/app/node_modules/request/node_modules/boom',
149 verbose rebuild   'boom@4.3.1' ]
150 verbose rebuild path, id [ '/mnt/hgfs/share/voteApp/app/node_modules/request/node_modules/hoek',
150 verbose rebuild   'hoek@4.2.0' ]
151 verbose rebuild path, id [ '/mnt/hgfs/share/voteApp/app/node_modules/request/node_modules/cryptiles',
151 verbose rebuild   'cryptiles@3.1.2' ]
152 verbose rebuild path, id [ '/mnt/hgfs/share/voteApp/app/node_modules/request/node_modules/cryptiles/node_modules/boom',
152 verbose rebuild   'boom@5.2.0' ]
153 verbose rebuild path, id [ '/mnt/hgfs/share/voteApp/app/node_modules/request/node_modules/sntp',
153 verbose rebuild   'sntp@2.1.0' ]
154 verbose rebuild path, id [ '/mnt/hgfs/share/voteApp/app/node_modules/request/node_modules/http-signature',
154 verbose rebuild   'http-signature@1.2.0' ]
155 verbose rebuild path, id [ '/mnt/hgfs/share/voteApp/app/node_modules/request/node_modules/assert-plus',
155 verbose rebuild   'assert-plus@1.0.0' ]
156 verbose rebuild path, id [ '/mnt/hgfs/share/voteApp/app/node_modules/request/node_modules/performance-now',
156 verbose rebuild   'performance-now@2.1.0' ]
157 verbose rebuild path, id [ '/mnt/hgfs/share/voteApp/app/node_modules/request/node_modules/qs',
157 verbose rebuild   'qs@6.5.1' ]
158 verbose rebuild path, id [ '/mnt/hgfs/share/voteApp/app/node_modules/underscore',
158 verbose rebuild   'underscore@1.8.3' ]
159 verbose rebuild path, id [ '/mnt/hgfs/share/voteApp/app/node_modules/path',
159 verbose rebuild   'path@0.12.7' ]
160 verbose rebuild path, id [ '/mnt/hgfs/share/voteApp/app/node_modules/process',
160 verbose rebuild   'process@0.11.10' ]
161 verbose rebuild path, id [ '/mnt/hgfs/share/voteApp/app/node_modules/pkcs11js',
161 verbose rebuild   'pkcs11js@1.0.12' ]
162 verbose rebuild path, id [ '/mnt/hgfs/share/voteApp/app/node_modules/promise-settle',
162 verbose rebuild   'promise-settle@0.3.0' ]
163 verbose rebuild path, id [ '/mnt/hgfs/share/voteApp/app/node_modules/stream-buffers',
163 verbose rebuild   'stream-buffers@3.0.1' ]
164 verbose rebuild path, id [ '/mnt/hgfs/share/voteApp/app/node_modules/tar-stream',
164 verbose rebuild   'tar-stream@1.5.2' ]
165 verbose rebuild path, id [ '/mnt/hgfs/share/voteApp/app/node_modules/bl', 'bl@1.2.1' ]
166 verbose rebuild path, id [ '/mnt/hgfs/share/voteApp/app/node_modules/readable-stream',
166 verbose rebuild   'readable-stream@2.3.3' ]
167 verbose rebuild path, id [ '/mnt/hgfs/share/voteApp/app/node_modules/isarray',
167 verbose rebuild   'isarray@1.0.0' ]
168 verbose rebuild path, id [ '/mnt/hgfs/share/voteApp/app/node_modules/process-nextick-args',
168 verbose rebuild   'process-nextick-args@1.0.7' ]
169 verbose rebuild path, id [ '/mnt/hgfs/share/voteApp/app/node_modules/string_decoder',
169 verbose rebuild   'string_decoder@1.0.3' ]
170 verbose rebuild path, id [ '/mnt/hgfs/share/voteApp/app/node_modules/util-deprecate',
170 verbose rebuild   'util-deprecate@1.0.2' ]
171 verbose rebuild path, id [ '/mnt/hgfs/share/voteApp/app/node_modules/end-of-stream',
171 verbose rebuild   'end-of-stream@1.4.1' ]
172 verbose rebuild path, id [ '/mnt/hgfs/share/voteApp/app/node_modules/xtend',
172 verbose rebuild   'xtend@4.0.1' ]
173 verbose rebuild path, id [ '/mnt/hgfs/share/voteApp/app/node_modules/koa', 'koa@2.4.1' ]
174 verbose rebuild path, id [ '/mnt/hgfs/share/voteApp/app/node_modules/accepts',
174 verbose rebuild   'accepts@1.3.4' ]
175 verbose rebuild path, id [ '/mnt/hgfs/share/voteApp/app/node_modules/negotiator',
175 verbose rebuild   'negotiator@0.6.1' ]
176 verbose rebuild path, id [ '/mnt/hgfs/share/voteApp/app/node_modules/content-disposition',
176 verbose rebuild   'content-disposition@0.5.2' ]
177 verbose rebuild path, id [ '/mnt/hgfs/share/voteApp/app/node_modules/content-type',
177 verbose rebuild   'content-type@1.0.4' ]
178 verbose rebuild path, id [ '/mnt/hgfs/share/voteApp/app/node_modules/cookies',
178 verbose rebuild   'cookies@0.7.1' ]
179 verbose rebuild path, id [ '/mnt/hgfs/share/voteApp/app/node_modules/depd',
179 verbose rebuild   'depd@1.1.2' ]
180 verbose rebuild path, id [ '/mnt/hgfs/share/voteApp/app/node_modules/keygrip',
180 verbose rebuild   'keygrip@1.0.2' ]
181 verbose rebuild path, id [ '/mnt/hgfs/share/voteApp/app/node_modules/delegates',
181 verbose rebuild   'delegates@1.0.0' ]
182 verbose rebuild path, id [ '/mnt/hgfs/share/voteApp/app/node_modules/destroy',
182 verbose rebuild   'destroy@1.0.4' ]
183 verbose rebuild path, id [ '/mnt/hgfs/share/voteApp/app/node_modules/error-inject',
183 verbose rebuild   'error-inject@1.0.0' ]
184 verbose rebuild path, id [ '/mnt/hgfs/share/voteApp/app/node_modules/escape-html',
184 verbose rebuild   'escape-html@1.0.3' ]
185 verbose rebuild path, id [ '/mnt/hgfs/share/voteApp/app/node_modules/fresh',
185 verbose rebuild   'fresh@0.5.2' ]
186 verbose rebuild path, id [ '/mnt/hgfs/share/voteApp/app/node_modules/http-assert',
186 verbose rebuild   'http-assert@1.3.0' ]
187 verbose rebuild path, id [ '/mnt/hgfs/share/voteApp/app/node_modules/deep-equal',
187 verbose rebuild   'deep-equal@1.0.1' ]
188 verbose rebuild path, id [ '/mnt/hgfs/share/voteApp/app/node_modules/http-errors',
188 verbose rebuild   'http-errors@1.6.2' ]
189 verbose rebuild path, id [ '/mnt/hgfs/share/voteApp/app/node_modules/http-errors/node_modules/depd',
189 verbose rebuild   'depd@1.1.1' ]
190 verbose rebuild path, id [ '/mnt/hgfs/share/voteApp/app/node_modules/setprototypeof',
190 verbose rebuild   'setprototypeof@1.0.3' ]
191 verbose rebuild path, id [ '/mnt/hgfs/share/voteApp/app/node_modules/statuses',
191 verbose rebuild   'statuses@1.4.0' ]
192 verbose rebuild path, id [ '/mnt/hgfs/share/voteApp/app/node_modules/is-generator-function',
192 verbose rebuild   'is-generator-function@1.0.7' ]
193 verbose rebuild path, id [ '/mnt/hgfs/share/voteApp/app/node_modules/koa-compose',
193 verbose rebuild   'koa-compose@4.0.0' ]
194 verbose rebuild path, id [ '/mnt/hgfs/share/voteApp/app/node_modules/koa-convert',
194 verbose rebuild   'koa-convert@1.2.0' ]
195 verbose rebuild path, id [ '/mnt/hgfs/share/voteApp/app/node_modules/koa-convert/node_modules/koa-compose',
195 verbose rebuild   'koa-compose@3.2.1' ]
196 verbose rebuild path, id [ '/mnt/hgfs/share/voteApp/app/node_modules/any-promise',
196 verbose rebuild   'any-promise@1.3.0' ]
197 verbose rebuild path, id [ '/mnt/hgfs/share/voteApp/app/node_modules/koa-is-json',
197 verbose rebuild   'koa-is-json@1.0.0' ]
198 verbose rebuild path, id [ '/mnt/hgfs/share/voteApp/app/node_modules/on-finished',
198 verbose rebuild   'on-finished@2.3.0' ]
199 verbose rebuild path, id [ '/mnt/hgfs/share/voteApp/app/node_modules/ee-first',
199 verbose rebuild   'ee-first@1.1.1' ]
200 verbose rebuild path, id [ '/mnt/hgfs/share/voteApp/app/node_modules/only',
200 verbose rebuild   'only@0.0.2' ]
201 verbose rebuild path, id [ '/mnt/hgfs/share/voteApp/app/node_modules/parseurl',
201 verbose rebuild   'parseurl@1.3.2' ]
202 verbose rebuild path, id [ '/mnt/hgfs/share/voteApp/app/node_modules/type-is',
202 verbose rebuild   'type-is@1.6.15' ]
203 verbose rebuild path, id [ '/mnt/hgfs/share/voteApp/app/node_modules/media-typer',
203 verbose rebuild   'media-typer@0.3.0' ]
204 verbose rebuild path, id [ '/mnt/hgfs/share/voteApp/app/node_modules/vary',
204 verbose rebuild   'vary@1.1.2' ]
205 verbose rebuild path, id [ '/mnt/hgfs/share/voteApp/app/node_modules/koa-body',
205 verbose rebuild   'koa-body@2.5.0' ]
206 verbose rebuild path, id [ '/mnt/hgfs/share/voteApp/app/node_modules/co-body',
206 verbose rebuild   'co-body@5.1.1' ]
207 verbose rebuild path, id [ '/mnt/hgfs/share/voteApp/app/node_modules/inflation',
207 verbose rebuild   'inflation@2.0.0' ]
208 verbose rebuild path, id [ '/mnt/hgfs/share/voteApp/app/node_modules/raw-body',
208 verbose rebuild   'raw-body@2.3.2' ]
209 verbose rebuild path, id [ '/mnt/hgfs/share/voteApp/app/node_modules/bytes',
209 verbose rebuild   'bytes@3.0.0' ]
210 verbose rebuild path, id [ '/mnt/hgfs/share/voteApp/app/node_modules/iconv-lite',
210 verbose rebuild   'iconv-lite@0.4.19' ]
211 verbose rebuild path, id [ '/mnt/hgfs/share/voteApp/app/node_modules/unpipe',
211 verbose rebuild   'unpipe@1.0.0' ]
212 verbose rebuild path, id [ '/mnt/hgfs/share/voteApp/app/node_modules/formidable',
212 verbose rebuild   'formidable@1.1.1' ]
213 verbose rebuild path, id [ '/mnt/hgfs/share/voteApp/app/node_modules/koa-router',
213 verbose rebuild   'koa-router@7.3.0' ]
214 verbose rebuild path, id [ '/mnt/hgfs/share/voteApp/app/node_modules/koa-router/node_modules/debug',
214 verbose rebuild   'debug@3.1.0' ]
215 verbose rebuild path, id [ '/mnt/hgfs/share/voteApp/app/node_modules/koa-router/node_modules/koa-compose',
215 verbose rebuild   'koa-compose@3.2.1' ]
216 verbose rebuild path, id [ '/mnt/hgfs/share/voteApp/app/node_modules/methods',
216 verbose rebuild   'methods@1.1.2' ]
217 verbose rebuild path, id [ '/mnt/hgfs/share/voteApp/app/node_modules/path-to-regexp',
217 verbose rebuild   'path-to-regexp@1.7.0' ]
218 verbose rebuild path, id [ '/mnt/hgfs/share/voteApp/app/node_modules/path-to-regexp/node_modules/isarray',
218 verbose rebuild   'isarray@0.0.1' ]
219 verbose rebuild path, id [ '/mnt/hgfs/share/voteApp/app/node_modules/urijs',
219 verbose rebuild   'urijs@1.19.0' ]
220 verbose rebuild path, id [ '/mnt/hgfs/share/voteApp/app/node_modules/koa-views',
220 verbose rebuild   'koa-views@6.1.3' ]
221 verbose rebuild path, id [ '/mnt/hgfs/share/voteApp/app/node_modules/consolidate',
221 verbose rebuild   'consolidate@0.15.0' ]
222 verbose rebuild path, id [ '/mnt/hgfs/share/voteApp/app/node_modules/bluebird',
222 verbose rebuild   'bluebird@3.5.1' ]
223 verbose rebuild path, id [ '/mnt/hgfs/share/voteApp/app/node_modules/koa-views/node_modules/debug',
223 verbose rebuild   'debug@3.1.0' ]
224 verbose rebuild path, id [ '/mnt/hgfs/share/voteApp/app/node_modules/get-paths',
224 verbose rebuild   'get-paths@0.0.2' ]
225 verbose rebuild path, id [ '/mnt/hgfs/share/voteApp/app/node_modules/get-paths/node_modules/fs-extra',
225 verbose rebuild   'fs-extra@4.0.3' ]
226 verbose rebuild path, id [ '/mnt/hgfs/share/voteApp/app/node_modules/get-paths/node_modules/jsonfile',
226 verbose rebuild   'jsonfile@4.0.0' ]
227 verbose rebuild path, id [ '/mnt/hgfs/share/voteApp/app/node_modules/universalify',
227 verbose rebuild   'universalify@0.1.1' ]
228 verbose rebuild path, id [ '/mnt/hgfs/share/voteApp/app/node_modules/koa-send',
228 verbose rebuild   'koa-send@4.1.2' ]
229 verbose rebuild path, id [ '/mnt/hgfs/share/voteApp/app/node_modules/mz', 'mz@2.7.0' ]
230 verbose rebuild path, id [ '/mnt/hgfs/share/voteApp/app/node_modules/object-assign',
230 verbose rebuild   'object-assign@4.1.1' ]
231 verbose rebuild path, id [ '/mnt/hgfs/share/voteApp/app/node_modules/thenify-all',
231 verbose rebuild   'thenify-all@1.6.0' ]
232 verbose rebuild path, id [ '/mnt/hgfs/share/voteApp/app/node_modules/thenify',
232 verbose rebuild   'thenify@3.3.0' ]
233 verbose rebuild path, id [ '/mnt/hgfs/share/voteApp/app/node_modules/resolve-path',
233 verbose rebuild   'resolve-path@1.3.3' ]
234 verbose rebuild path, id [ '/mnt/hgfs/share/voteApp/app/node_modules/resolve-path/node_modules/http-errors',
234 verbose rebuild   'http-errors@1.5.1' ]
235 verbose rebuild path, id [ '/mnt/hgfs/share/voteApp/app/node_modules/resolve-path/node_modules/setprototypeof',
235 verbose rebuild   'setprototypeof@1.0.2' ]
236 verbose rebuild path, id [ '/mnt/hgfs/share/voteApp/app/node_modules/pretty',
236 verbose rebuild   'pretty@2.0.0' ]
237 verbose rebuild path, id [ '/mnt/hgfs/share/voteApp/app/node_modules/condense-newlines',
237 verbose rebuild   'condense-newlines@0.2.1' ]
238 verbose rebuild path, id [ '/mnt/hgfs/share/voteApp/app/node_modules/extend-shallow',
238 verbose rebuild   'extend-shallow@2.0.1' ]
239 verbose rebuild path, id [ '/mnt/hgfs/share/voteApp/app/node_modules/is-extendable',
239 verbose rebuild   'is-extendable@0.1.1' ]
240 verbose rebuild path, id [ '/mnt/hgfs/share/voteApp/app/node_modules/is-whitespace',
240 verbose rebuild   'is-whitespace@0.3.0' ]
241 verbose rebuild path, id [ '/mnt/hgfs/share/voteApp/app/node_modules/kind-of',
241 verbose rebuild   'kind-of@3.2.2' ]
242 verbose rebuild path, id [ '/mnt/hgfs/share/voteApp/app/node_modules/is-buffer',
242 verbose rebuild   'is-buffer@1.1.6' ]
243 verbose rebuild path, id [ '/mnt/hgfs/share/voteApp/app/node_modules/js-beautify',
243 verbose rebuild   'js-beautify@1.7.5' ]
244 verbose rebuild path, id [ '/mnt/hgfs/share/voteApp/app/node_modules/config-chain',
244 verbose rebuild   'config-chain@1.1.11' ]
245 verbose rebuild path, id [ '/mnt/hgfs/share/voteApp/app/node_modules/proto-list',
245 verbose rebuild   'proto-list@1.2.4' ]
246 verbose rebuild path, id [ '/mnt/hgfs/share/voteApp/app/node_modules/editorconfig',
246 verbose rebuild   'editorconfig@0.13.3' ]
247 verbose rebuild path, id [ '/mnt/hgfs/share/voteApp/app/node_modules/commander',
247 verbose rebuild   'commander@2.13.0' ]
248 verbose rebuild path, id [ '/mnt/hgfs/share/voteApp/app/node_modules/lru-cache',
248 verbose rebuild   'lru-cache@3.2.0' ]
249 verbose rebuild path, id [ '/mnt/hgfs/share/voteApp/app/node_modules/pseudomap',
249 verbose rebuild   'pseudomap@1.0.2' ]
250 verbose rebuild path, id [ '/mnt/hgfs/share/voteApp/app/node_modules/semver',
250 verbose rebuild   'semver@5.5.0' ]
251 verbose rebuild path, id [ '/mnt/hgfs/share/voteApp/app/node_modules/sigmund',
251 verbose rebuild   'sigmund@1.0.1' ]
252 verbose rebuild path, id [ '/mnt/hgfs/share/voteApp/app/node_modules/mkdirp',
252 verbose rebuild   'mkdirp@0.5.1' ]
253 verbose rebuild path, id [ '/mnt/hgfs/share/voteApp/app/node_modules/minimist',
253 verbose rebuild   'minimist@0.0.8' ]
254 verbose rebuild path, id [ '/mnt/hgfs/share/voteApp/app/node_modules/nopt',
254 verbose rebuild   'nopt@3.0.6' ]
255 verbose rebuild path, id [ '/mnt/hgfs/share/voteApp/app/node_modules/abbrev',
255 verbose rebuild   'abbrev@1.1.1' ]
256 verbose rebuild path, id [ '/mnt/hgfs/share/voteApp/app/node_modules/bcrypt-pbkdf',
256 verbose rebuild   'bcrypt-pbkdf@1.0.1' ]
257 verbose rebuild path, id [ '/mnt/hgfs/share/voteApp/app/node_modules/tweetnacl',
257 verbose rebuild   'tweetnacl@0.14.5' ]
258 verbose rebuild path, id [ '/mnt/hgfs/share/voteApp/app/node_modules/ecc-jsbn',
258 verbose rebuild   'ecc-jsbn@0.1.1' ]
259 verbose rebuild path, id [ '/mnt/hgfs/share/voteApp/app/node_modules/jsbn',
259 verbose rebuild   'jsbn@0.1.1' ]
260 silly rebuild set [ '/mnt/hgfs/share/voteApp/app/node_modules/ejs',
260 silly rebuild set   '/mnt/hgfs/share/voteApp/app/node_modules/fabric-ca-client',
260 silly rebuild set   '/mnt/hgfs/share/voteApp/app/node_modules/bn.js',
260 silly rebuild set   '/mnt/hgfs/share/voteApp/app/node_modules/elliptic',
260 silly rebuild set   '/mnt/hgfs/share/voteApp/app/node_modules/brorand',
260 silly rebuild set   '/mnt/hgfs/share/voteApp/app/node_modules/hash.js',
260 silly rebuild set   '/mnt/hgfs/share/voteApp/app/node_modules/inherits',
260 silly rebuild set   '/mnt/hgfs/share/voteApp/app/node_modules/minimalistic-assert',
260 silly rebuild set   '/mnt/hgfs/share/voteApp/app/node_modules/hmac-drbg',
260 silly rebuild set   '/mnt/hgfs/share/voteApp/app/node_modules/minimalistic-crypto-utils',
260 silly rebuild set   '/mnt/hgfs/share/voteApp/app/node_modules/fs-extra',
260 silly rebuild set   '/mnt/hgfs/share/voteApp/app/node_modules/graceful-fs',
260 silly rebuild set   '/mnt/hgfs/share/voteApp/app/node_modules/jsonfile',
260 silly rebuild set   '/mnt/hgfs/share/voteApp/app/node_modules/klaw',
260 silly rebuild set   '/mnt/hgfs/share/voteApp/app/node_modules/path-is-absolute',
260 silly rebuild set   '/mnt/hgfs/share/voteApp/app/node_modules/rimraf',
260 silly rebuild set   '/mnt/hgfs/share/voteApp/app/node_modules/glob',
260 silly rebuild set   '/mnt/hgfs/share/voteApp/app/node_modules/fs.realpath',
260 silly rebuild set   '/mnt/hgfs/share/voteApp/app/node_modules/inflight',
260 silly rebuild set   '/mnt/hgfs/share/voteApp/app/node_modules/once',
260 silly rebuild set   '/mnt/hgfs/share/voteApp/app/node_modules/wrappy',
260 silly rebuild set   '/mnt/hgfs/share/voteApp/app/node_modules/minimatch',
260 silly rebuild set   '/mnt/hgfs/share/voteApp/app/node_modules/brace-expansion',
260 silly rebuild set   '/mnt/hgfs/share/voteApp/app/node_modules/balanced-match',
260 silly rebuild set   '/mnt/hgfs/share/voteApp/app/node_modules/concat-map',
260 silly rebuild set   '/mnt/hgfs/share/voteApp/app/node_modules/js-sha3',
260 silly rebuild set   '/mnt/hgfs/share/voteApp/app/node_modules/jsrsasign',
260 silly rebuild set   '/mnt/hgfs/share/voteApp/app/node_modules/jssha',
260 silly rebuild set   '/mnt/hgfs/share/voteApp/app/node_modules/nconf',
260 silly rebuild set   '/mnt/hgfs/share/voteApp/app/node_modules/async',
260 silly rebuild set   '/mnt/hgfs/share/voteApp/app/node_modules/ini',
260 silly rebuild set   '/mnt/hgfs/share/voteApp/app/node_modules/secure-keys',
260 silly rebuild set   '/mnt/hgfs/share/voteApp/app/node_modules/yargs',
260 silly rebuild set   '/mnt/hgfs/share/voteApp/app/node_modules/camelcase',
260 silly rebuild set   '/mnt/hgfs/share/voteApp/app/node_modules/cliui',
260 silly rebuild set   '/mnt/hgfs/share/voteApp/app/node_modules/string-width',
260 silly rebuild set   '/mnt/hgfs/share/voteApp/app/node_modules/code-point-at',
260 silly rebuild set   '/mnt/hgfs/share/voteApp/app/node_modules/is-fullwidth-code-point',
260 silly rebuild set   '/mnt/hgfs/share/voteApp/app/node_modules/number-is-nan',
260 silly rebuild set   '/mnt/hgfs/share/voteApp/app/node_modules/strip-ansi',
260 silly rebuild set   '/mnt/hgfs/share/voteApp/app/node_modules/ansi-regex',
260 silly rebuild set   '/mnt/hgfs/share/voteApp/app/node_modules/wrap-ansi',
260 silly rebuild set   '/mnt/hgfs/share/voteApp/app/node_modules/decamelize',
260 silly rebuild set   '/mnt/hgfs/share/voteApp/app/node_modules/os-locale',
260 silly rebuild set   '/mnt/hgfs/share/voteApp/app/node_modules/lcid',
260 silly rebuild set   '/mnt/hgfs/share/voteApp/app/node_modules/invert-kv',
260 silly rebuild set   '/mnt/hgfs/share/voteApp/app/node_modules/window-size',
260 silly rebuild set   '/mnt/hgfs/share/voteApp/app/node_modules/y18n',
260 silly rebuild set   '/mnt/hgfs/share/voteApp/app/node_modules/sjcl',
260 silly rebuild set   '/mnt/hgfs/share/voteApp/app/node_modules/sjcl-codec',
260 silly rebuild set   '/mnt/hgfs/share/voteApp/app/node_modules/url',
260 silly rebuild set   '/mnt/hgfs/share/voteApp/app/node_modules/punycode',
260 silly rebuild set   '/mnt/hgfs/share/voteApp/app/node_modules/querystring',
260 silly rebuild set   '/mnt/hgfs/share/voteApp/app/node_modules/util',
260 silly rebuild set   '/mnt/hgfs/share/voteApp/app/node_modules/util/node_modules/inherits',
260 silly rebuild set   '/mnt/hgfs/share/voteApp/app/node_modules/winston',
260 silly rebuild set   '/mnt/hgfs/share/voteApp/app/node_modules/winston/node_modules/async',
260 silly rebuild set   '/mnt/hgfs/share/voteApp/app/node_modules/colors',
260 silly rebuild set   '/mnt/hgfs/share/voteApp/app/node_modules/cycle',
260 silly rebuild set   '/mnt/hgfs/share/voteApp/app/node_modules/eyes',
260 silly rebuild set   '/mnt/hgfs/share/voteApp/app/node_modules/isstream',
260 silly rebuild set   '/mnt/hgfs/share/voteApp/app/node_modules/stack-trace',
260 silly rebuild set   '/mnt/hgfs/share/voteApp/app/node_modules/fabric-client',
260 silly rebuild set   '/mnt/hgfs/share/voteApp/app/node_modules/callsite',
260 silly rebuild set   '/mnt/hgfs/share/voteApp/app/node_modules/crypto',
260 silly rebuild set   '/mnt/hgfs/share/voteApp/app/node_modules/fs',
260 silly rebuild set   '/mnt/hgfs/share/voteApp/app/node_modules/grpc',
260 silly rebuild set   '/mnt/hgfs/share/voteApp/app/node_modules/arguejs',
260 silly rebuild set   '/mnt/hgfs/share/voteApp/app/node_modules/lodash',
260 silly rebuild set   '/mnt/hgfs/share/voteApp/app/node_modules/nan',
260 silly rebuild set   '/mnt/hgfs/share/voteApp/app/node_modules/protobufjs',
260 silly rebuild set   '/mnt/hgfs/share/voteApp/app/node_modules/ascli',
260 silly rebuild set   '/mnt/hgfs/share/voteApp/app/node_modules/colour',
260 silly rebuild set   '/mnt/hgfs/share/voteApp/app/node_modules/optjs',
260 silly rebuild set   '/mnt/hgfs/share/voteApp/app/node_modules/bytebuffer',
260 silly rebuild set   '/mnt/hgfs/share/voteApp/app/node_modules/long',
260 silly rebuild set   '/mnt/hgfs/share/voteApp/app/node_modules/fabric-client/node_modules/jsrsasign',
260 silly rebuild set   '/mnt/hgfs/share/voteApp/app/node_modules/nano',
260 silly rebuild set   '/mnt/hgfs/share/voteApp/app/node_modules/cloudant-follow',
260 silly rebuild set   '/mnt/hgfs/share/voteApp/app/node_modules/browser-request',
260 silly rebuild set   '/mnt/hgfs/share/voteApp/app/node_modules/debug',
260 silly rebuild set   '/mnt/hgfs/share/voteApp/app/node_modules/ms',
260 silly rebuild set   '/mnt/hgfs/share/voteApp/app/node_modules/cloudant-follow/node_modules/request',
260 silly rebuild set   '/mnt/hgfs/share/voteApp/app/node_modules/aws-sign2',
260 silly rebuild set   '/mnt/hgfs/share/voteApp/app/node_modules/aws4',
260 silly rebuild set   '/mnt/hgfs/share/voteApp/app/node_modules/caseless',
260 silly rebuild set   '/mnt/hgfs/share/voteApp/app/node_modules/combined-stream',
260 silly rebuild set   '/mnt/hgfs/share/voteApp/app/node_modules/delayed-stream',
260 silly rebuild set   '/mnt/hgfs/share/voteApp/app/node_modules/extend',
260 silly rebuild set   '/mnt/hgfs/share/voteApp/app/node_modules/forever-agent',
260 silly rebuild set   '/mnt/hgfs/share/voteApp/app/node_modules/form-data',
260 silly rebuild set   '/mnt/hgfs/share/voteApp/app/node_modules/asynckit',
260 silly rebuild set   '/mnt/hgfs/share/voteApp/app/node_modules/mime-types',
260 silly rebuild set   '/mnt/hgfs/share/voteApp/app/node_modules/mime-db',
260 silly rebuild set   '/mnt/hgfs/share/voteApp/app/node_modules/har-validator',
260 silly rebuild set   '/mnt/hgfs/share/voteApp/app/node_modules/ajv',
260 silly rebuild set   '/mnt/hgfs/share/voteApp/app/node_modules/co',
260 silly rebuild set   '/mnt/hgfs/share/voteApp/app/node_modules/json-stable-stringify',
260 silly rebuild set   '/mnt/hgfs/share/voteApp/app/node_modules/jsonify',
260 silly rebuild set   '/mnt/hgfs/share/voteApp/app/node_modules/har-schema',
260 silly rebuild set   ... 154 more items ]
261 info build /mnt/hgfs/share/voteApp/app/node_modules/ejs
262 info lifecycle ejs@2.5.7~preinstall: ejs@2.5.7
263 silly lifecycle ejs@2.5.7~preinstall: no script for preinstall, continuing
264 info linkStuff ejs@2.5.7
265 silly linkStuff ejs@2.5.7 has /mnt/hgfs/share/voteApp/app/node_modules as its parent node_modules
266 verbose linkBins ejs@2.5.7
267 verbose linkMans ejs@2.5.7
268 verbose rebuildBundles ejs@2.5.7
269 info lifecycle ejs@2.5.7~install: ejs@2.5.7
270 silly lifecycle ejs@2.5.7~install: no script for install, continuing
271 info lifecycle ejs@2.5.7~postinstall: ejs@2.5.7
272 silly lifecycle ejs@2.5.7~postinstall: no script for postinstall, continuing
273 info build /mnt/hgfs/share/voteApp/app/node_modules/fabric-ca-client
274 info lifecycle fabric-ca-client@1.0.2~preinstall: fabric-ca-client@1.0.2
275 silly lifecycle fabric-ca-client@1.0.2~preinstall: no script for preinstall, continuing
276 info linkStuff fabric-ca-client@1.0.2
277 silly linkStuff fabric-ca-client@1.0.2 has /mnt/hgfs/share/voteApp/app/node_modules as its parent node_modules
278 verbose linkBins fabric-ca-client@1.0.2
279 verbose linkMans fabric-ca-client@1.0.2
280 verbose rebuildBundles fabric-ca-client@1.0.2
281 info lifecycle fabric-ca-client@1.0.2~install: fabric-ca-client@1.0.2
282 silly lifecycle fabric-ca-client@1.0.2~install: no script for install, continuing
283 info lifecycle fabric-ca-client@1.0.2~postinstall: fabric-ca-client@1.0.2
284 silly lifecycle fabric-ca-client@1.0.2~postinstall: no script for postinstall, continuing
285 info build /mnt/hgfs/share/voteApp/app/node_modules/bn.js
286 info lifecycle bn.js@4.11.8~preinstall: bn.js@4.11.8
287 silly lifecycle bn.js@4.11.8~preinstall: no script for preinstall, continuing
288 info linkStuff bn.js@4.11.8
289 silly linkStuff bn.js@4.11.8 has /mnt/hgfs/share/voteApp/app/node_modules as its parent node_modules
290 verbose linkBins bn.js@4.11.8
291 verbose linkMans bn.js@4.11.8
292 verbose rebuildBundles bn.js@4.11.8
293 info lifecycle bn.js@4.11.8~install: bn.js@4.11.8
294 silly lifecycle bn.js@4.11.8~install: no script for install, continuing
295 info lifecycle bn.js@4.11.8~postinstall: bn.js@4.11.8
296 silly lifecycle bn.js@4.11.8~postinstall: no script for postinstall, continuing
297 info build /mnt/hgfs/share/voteApp/app/node_modules/elliptic
298 info lifecycle elliptic@6.4.0~preinstall: elliptic@6.4.0
299 silly lifecycle elliptic@6.4.0~preinstall: no script for preinstall, continuing
300 info linkStuff elliptic@6.4.0
301 silly linkStuff elliptic@6.4.0 has /mnt/hgfs/share/voteApp/app/node_modules as its parent node_modules
302 verbose linkBins elliptic@6.4.0
303 verbose linkMans elliptic@6.4.0
304 verbose rebuildBundles elliptic@6.4.0
305 info lifecycle elliptic@6.4.0~install: elliptic@6.4.0
306 silly lifecycle elliptic@6.4.0~install: no script for install, continuing
307 info lifecycle elliptic@6.4.0~postinstall: elliptic@6.4.0
308 silly lifecycle elliptic@6.4.0~postinstall: no script for postinstall, continuing
309 info build /mnt/hgfs/share/voteApp/app/node_modules/brorand
310 info lifecycle brorand@1.1.0~preinstall: brorand@1.1.0
311 silly lifecycle brorand@1.1.0~preinstall: no script for preinstall, continuing
312 info linkStuff brorand@1.1.0
313 silly linkStuff brorand@1.1.0 has /mnt/hgfs/share/voteApp/app/node_modules as its parent node_modules
314 verbose linkBins brorand@1.1.0
315 verbose linkMans brorand@1.1.0
316 verbose rebuildBundles brorand@1.1.0
317 info lifecycle brorand@1.1.0~install: brorand@1.1.0
318 silly lifecycle brorand@1.1.0~install: no script for install, continuing
319 info lifecycle brorand@1.1.0~postinstall: brorand@1.1.0
320 silly lifecycle brorand@1.1.0~postinstall: no script for postinstall, continuing
321 info build /mnt/hgfs/share/voteApp/app/node_modules/hash.js
322 info lifecycle hash.js@1.1.3~preinstall: hash.js@1.1.3
323 silly lifecycle hash.js@1.1.3~preinstall: no script for preinstall, continuing
324 info linkStuff hash.js@1.1.3
325 silly linkStuff hash.js@1.1.3 has /mnt/hgfs/share/voteApp/app/node_modules as its parent node_modules
326 verbose linkBins hash.js@1.1.3
327 verbose linkMans hash.js@1.1.3
328 verbose rebuildBundles hash.js@1.1.3
329 info lifecycle hash.js@1.1.3~install: hash.js@1.1.3
330 silly lifecycle hash.js@1.1.3~install: no script for install, continuing
331 info lifecycle hash.js@1.1.3~postinstall: hash.js@1.1.3
332 silly lifecycle hash.js@1.1.3~postinstall: no script for postinstall, continuing
333 info build /mnt/hgfs/share/voteApp/app/node_modules/inherits
334 info lifecycle inherits@2.0.3~preinstall: inherits@2.0.3
335 silly lifecycle inherits@2.0.3~preinstall: no script for preinstall, continuing
336 info linkStuff inherits@2.0.3
337 silly linkStuff inherits@2.0.3 has /mnt/hgfs/share/voteApp/app/node_modules as its parent node_modules
338 verbose linkBins inherits@2.0.3
339 verbose linkMans inherits@2.0.3
340 verbose rebuildBundles inherits@2.0.3
341 info lifecycle inherits@2.0.3~install: inherits@2.0.3
342 silly lifecycle inherits@2.0.3~install: no script for install, continuing
343 info lifecycle inherits@2.0.3~postinstall: inherits@2.0.3
344 silly lifecycle inherits@2.0.3~postinstall: no script for postinstall, continuing
345 info build /mnt/hgfs/share/voteApp/app/node_modules/minimalistic-assert
346 info lifecycle minimalistic-assert@1.0.0~preinstall: minimalistic-assert@1.0.0
347 silly lifecycle minimalistic-assert@1.0.0~preinstall: no script for preinstall, continuing
348 info linkStuff minimalistic-assert@1.0.0
349 silly linkStuff minimalistic-assert@1.0.0 has /mnt/hgfs/share/voteApp/app/node_modules as its parent node_modules
350 verbose linkBins minimalistic-assert@1.0.0
351 verbose linkMans minimalistic-assert@1.0.0
352 verbose rebuildBundles minimalistic-assert@1.0.0
353 info lifecycle minimalistic-assert@1.0.0~install: minimalistic-assert@1.0.0
354 silly lifecycle minimalistic-assert@1.0.0~install: no script for install, continuing
355 info lifecycle minimalistic-assert@1.0.0~postinstall: minimalistic-assert@1.0.0
356 silly lifecycle minimalistic-assert@1.0.0~postinstall: no script for postinstall, continuing
357 info build /mnt/hgfs/share/voteApp/app/node_modules/hmac-drbg
358 info lifecycle hmac-drbg@1.0.1~preinstall: hmac-drbg@1.0.1
359 silly lifecycle hmac-drbg@1.0.1~preinstall: no script for preinstall, continuing
360 info linkStuff hmac-drbg@1.0.1
361 silly linkStuff hmac-drbg@1.0.1 has /mnt/hgfs/share/voteApp/app/node_modules as its parent node_modules
362 verbose linkBins hmac-drbg@1.0.1
363 verbose linkMans hmac-drbg@1.0.1
364 verbose rebuildBundles hmac-drbg@1.0.1
365 info lifecycle hmac-drbg@1.0.1~install: hmac-drbg@1.0.1
366 silly lifecycle hmac-drbg@1.0.1~install: no script for install, continuing
367 info lifecycle hmac-drbg@1.0.1~postinstall: hmac-drbg@1.0.1
368 silly lifecycle hmac-drbg@1.0.1~postinstall: no script for postinstall, continuing
369 info build /mnt/hgfs/share/voteApp/app/node_modules/minimalistic-crypto-utils
370 info lifecycle minimalistic-crypto-utils@1.0.1~preinstall: minimalistic-crypto-utils@1.0.1
371 silly lifecycle minimalistic-crypto-utils@1.0.1~preinstall: no script for preinstall, continuing
372 info linkStuff minimalistic-crypto-utils@1.0.1
373 silly linkStuff minimalistic-crypto-utils@1.0.1 has /mnt/hgfs/share/voteApp/app/node_modules as its parent node_modules
374 verbose linkBins minimalistic-crypto-utils@1.0.1
375 verbose linkMans minimalistic-crypto-utils@1.0.1
376 verbose rebuildBundles minimalistic-crypto-utils@1.0.1
377 info lifecycle minimalistic-crypto-utils@1.0.1~install: minimalistic-crypto-utils@1.0.1
378 silly lifecycle minimalistic-crypto-utils@1.0.1~install: no script for install, continuing
379 info lifecycle minimalistic-crypto-utils@1.0.1~postinstall: minimalistic-crypto-utils@1.0.1
380 silly lifecycle minimalistic-crypto-utils@1.0.1~postinstall: no script for postinstall, continuing
381 info build /mnt/hgfs/share/voteApp/app/node_modules/fs-extra
382 info lifecycle fs-extra@0.30.0~preinstall: fs-extra@0.30.0
383 silly lifecycle fs-extra@0.30.0~preinstall: no script for preinstall, continuing
384 info linkStuff fs-extra@0.30.0
385 silly linkStuff fs-extra@0.30.0 has /mnt/hgfs/share/voteApp/app/node_modules as its parent node_modules
386 verbose linkBins fs-extra@0.30.0
387 verbose linkMans fs-extra@0.30.0
388 verbose rebuildBundles fs-extra@0.30.0
389 info lifecycle fs-extra@0.30.0~install: fs-extra@0.30.0
390 silly lifecycle fs-extra@0.30.0~install: no script for install, continuing
391 info lifecycle fs-extra@0.30.0~postinstall: fs-extra@0.30.0
392 silly lifecycle fs-extra@0.30.0~postinstall: no script for postinstall, continuing
393 info build /mnt/hgfs/share/voteApp/app/node_modules/graceful-fs
394 info lifecycle graceful-fs@4.1.11~preinstall: graceful-fs@4.1.11
395 silly lifecycle graceful-fs@4.1.11~preinstall: no script for preinstall, continuing
396 info linkStuff graceful-fs@4.1.11
397 silly linkStuff graceful-fs@4.1.11 has /mnt/hgfs/share/voteApp/app/node_modules as its parent node_modules
398 verbose linkBins graceful-fs@4.1.11
399 verbose linkMans graceful-fs@4.1.11
400 verbose rebuildBundles graceful-fs@4.1.11
401 info lifecycle graceful-fs@4.1.11~install: graceful-fs@4.1.11
402 silly lifecycle graceful-fs@4.1.11~install: no script for install, continuing
403 info lifecycle graceful-fs@4.1.11~postinstall: graceful-fs@4.1.11
404 silly lifecycle graceful-fs@4.1.11~postinstall: no script for postinstall, continuing
405 info build /mnt/hgfs/share/voteApp/app/node_modules/jsonfile
406 info lifecycle jsonfile@2.4.0~preinstall: jsonfile@2.4.0
407 silly lifecycle jsonfile@2.4.0~preinstall: no script for preinstall, continuing
408 info linkStuff jsonfile@2.4.0
409 silly linkStuff jsonfile@2.4.0 has /mnt/hgfs/share/voteApp/app/node_modules as its parent node_modules
410 verbose linkBins jsonfile@2.4.0
411 verbose linkMans jsonfile@2.4.0
412 verbose rebuildBundles jsonfile@2.4.0
413 info lifecycle jsonfile@2.4.0~install: jsonfile@2.4.0
414 silly lifecycle jsonfile@2.4.0~install: no script for install, continuing
415 info lifecycle jsonfile@2.4.0~postinstall: jsonfile@2.4.0
416 silly lifecycle jsonfile@2.4.0~postinstall: no script for postinstall, continuing
417 info build /mnt/hgfs/share/voteApp/app/node_modules/klaw
418 info lifecycle klaw@1.3.1~preinstall: klaw@1.3.1
419 silly lifecycle klaw@1.3.1~preinstall: no script for preinstall, continuing
420 info linkStuff klaw@1.3.1
421 silly linkStuff klaw@1.3.1 has /mnt/hgfs/share/voteApp/app/node_modules as its parent node_modules
422 verbose linkBins klaw@1.3.1
423 verbose linkMans klaw@1.3.1
424 verbose rebuildBundles klaw@1.3.1
425 info lifecycle klaw@1.3.1~install: klaw@1.3.1
426 silly lifecycle klaw@1.3.1~install: no script for install, continuing
427 info lifecycle klaw@1.3.1~postinstall: klaw@1.3.1
428 silly lifecycle klaw@1.3.1~postinstall: no script for postinstall, continuing
429 info build /mnt/hgfs/share/voteApp/app/node_modules/path-is-absolute
430 info lifecycle path-is-absolute@1.0.1~preinstall: path-is-absolute@1.0.1
431 silly lifecycle path-is-absolute@1.0.1~preinstall: no script for preinstall, continuing
432 info linkStuff path-is-absolute@1.0.1
433 silly linkStuff path-is-absolute@1.0.1 has /mnt/hgfs/share/voteApp/app/node_modules as its parent node_modules
434 verbose linkBins path-is-absolute@1.0.1
435 verbose linkMans path-is-absolute@1.0.1
436 verbose rebuildBundles path-is-absolute@1.0.1
437 info lifecycle path-is-absolute@1.0.1~install: path-is-absolute@1.0.1
438 silly lifecycle path-is-absolute@1.0.1~install: no script for install, continuing
439 info lifecycle path-is-absolute@1.0.1~postinstall: path-is-absolute@1.0.1
440 silly lifecycle path-is-absolute@1.0.1~postinstall: no script for postinstall, continuing
441 info build /mnt/hgfs/share/voteApp/app/node_modules/rimraf
442 info lifecycle rimraf@2.6.2~preinstall: rimraf@2.6.2
443 silly lifecycle rimraf@2.6.2~preinstall: no script for preinstall, continuing
444 info linkStuff rimraf@2.6.2
445 silly linkStuff rimraf@2.6.2 has /mnt/hgfs/share/voteApp/app/node_modules as its parent node_modules
446 verbose linkBins rimraf@2.6.2
447 verbose link bins [ { rimraf: './bin.js' },
447 verbose link bins   '/mnt/hgfs/share/voteApp/app/node_modules/.bin',
447 verbose link bins   false ]
448 verbose linkMans rimraf@2.6.2
449 verbose rebuildBundles rimraf@2.6.2
450 silly gentlyRm /mnt/hgfs/share/voteApp/app/node_modules/.bin/rimraf is being purged
451 verbose gentlyRm don't care about contents; nuking /mnt/hgfs/share/voteApp/app/node_modules/.bin/rimraf
452 verbose stack Error: ENOTSUP: operation not supported on socket, symlink '../rimraf/bin.js' -> '/mnt/hgfs/share/voteApp/app/node_modules/.bin/rimraf'
452 verbose stack     at Error (native)
453 verbose cwd /mnt/hgfs/share/voteApp/app
454 error Linux 4.4.0-139-generic
455 error argv "/home/liu/.nvm/versions/node/v6.9.5/bin/node" "/home/liu/.nvm/versions/node/v6.9.5/bin/npm" "rebuild"
456 error node v6.9.5
457 error npm  v3.10.10
458 error path ../rimraf/bin.js
459 error code ENOTSUP
460 error errno -95
461 error syscall symlink
462 error nospc ENOTSUP: operation not supported on socket, symlink '../rimraf/bin.js' -> '/mnt/hgfs/share/voteApp/app/node_modules/.bin/rimraf'
463 error nospc This is most likely not a problem with npm itself
463 error nospc and is related to insufficient space on your system.
464 verbose exit [ -95, true ]
